2019/12/24 10:37:54 [error] [exception.CDbException] CDbException: CDbConnection failed to open the DB connection: SQLSTATE[HY000] [2002] No such file or directory in /opt/lampp/htdocs/rpzrpzrpz-1/localhost/framework/db/CDbConnection.php:399
Stack trace:
#0 /opt/lampp/htdocs/rpzrpzrpz-1/localhost/framework/db/CDbConnection.php(347): CDbConnection->open()
#1 /opt/lampp/htdocs/rpzrpzrpz-1/localhost/framework/db/CDbConnection.php(325): CDbConnection->setActive(true)
#2 /opt/lampp/htdocs/rpzrpzrpz-1/localhost/framework/base/CModule.php(394): CDbConnection->init()
#3 /opt/lampp/htdocs/rpzrpzrpz-1/localhost/framework/base/CApplication.php(458): CModule->getComponent('db')
#4 /opt/lampp/htdocs/rpzrpzrpz-1/localhost/framework/db/ar/CActiveRecord.php(637): CApplication->getDb()
#5 /opt/lampp/htdocs/rpzrpzrpz-1/localhost/framework/db/ar/CActiveRecord.php(1433): CActiveRecord->getDbConnection()
#6 /opt/lampp/htdocs/rpzrpzrpz-1/localhost/framework/db/ar/CActiveRecord.php(1489): CActiveRecord->getTableAlias(true)
#7 /opt/lampp/htdocs/rpzrpzrpz-1/localhost/protected/views/site/index.php(145): CActiveRecord->findByPk(2)
#8 /opt/lampp/htdocs/rpzrpzrpz-1/localhost/framework/web/CBaseController.php(126): require('/opt/lampp/htdo...')
#9 /opt/lampp/htdocs/rpzrpzrpz-1/localhost/framework/web/CBaseController.php(95): CBaseController->renderInternal('/opt/lampp/htdo...', Array, true)
#10 /opt/lampp/htdocs/rpzrpzrpz-1/localhost/framework/web/CController.php(869): CBaseController->renderFile('/opt/lampp/htdo...', Array, true)
#11 /opt/lampp/htdocs/rpzrpzrpz-1/localhost/framework/web/CController.php(782): CController->renderPartial('index', Array, true)
#12 /opt/lampp/htdocs/rpzrpzrpz-1/localhost/protected/controllers/SiteController.php(25): CController->render('index', Array)
#13 /opt/lampp/htdocs/rpzrpzrpz-1/localhost/framework/web/actions/CInlineAction.php(49): SiteController->actionIndex()
#14 /opt/lampp/htdocs/rpzrpzrpz-1/localhost/framework/web/CController.php(308): CInlineAction->runWithParams(Array)
#15 /opt/lampp/htdocs/rpzrpzrpz-1/localhost/framework/web/CController.php(286): CController->runAction(Object(CInlineAction))
#16 /opt/lampp/htdocs/rpzrpzrpz-1/localhost/framework/web/CController.php(265): CController->runActionWithFilters(Object(CInlineAction), Array)
#17 /opt/lampp/htdocs/rpzrpzrpz-1/localhost/framework/web/CWebApplication.php(282): CController->run('')
#18 /opt/lampp/htdocs/rpzrpzrpz-1/localhost/framework/web/CWebApplication.php(141): CWebApplication->runController('')
#19 /opt/lampp/htdocs/rpzrpzrpz-1/localhost/framework/base/CApplication.php(184): CWebApplication->processRequest()
#20 /opt/lampp/htdocs/rpzrpzrpz-1/localhost/index.php(17): CApplication->run()
#21 {main}
REQUEST_URI=/rpzrpzrpz-1/localhost/
HTTP_REFERER=http://localhost:8080/rpzrpzrpz-1/
---
2019/12/24 10:41:03 [error] [php] Undefined variable: model (/opt/lampp/htdocs/rpzrpzrpz-1/localhost/protected/views/site/index.php:308)
Stack trace:
#0 /opt/lampp/htdocs/rpzrpzrpz-1/localhost/framework/web/CController.php(869): SiteController->renderFile()
#1 /opt/lampp/htdocs/rpzrpzrpz-1/localhost/framework/web/CController.php(782): SiteController->renderPartial()
#2 /opt/lampp/htdocs/rpzrpzrpz-1/localhost/protected/controllers/SiteController.php(25): SiteController->render()
#3 /opt/lampp/htdocs/rpzrpzrpz-1/localhost/framework/web/actions/CInlineAction.php(49): SiteController->actionIndex()
#4 /opt/lampp/htdocs/rpzrpzrpz-1/localhost/framework/web/CController.php(308): CInlineAction->runWithParams()
#5 /opt/lampp/htdocs/rpzrpzrpz-1/localhost/framework/web/CController.php(286): SiteController->runAction()
#6 /opt/lampp/htdocs/rpzrpzrpz-1/localhost/framework/web/CController.php(265): SiteController->runActionWithFilters()
#7 /opt/lampp/htdocs/rpzrpzrpz-1/localhost/framework/web/CWebApplication.php(282): SiteController->run()
#8 /opt/lampp/htdocs/rpzrpzrpz-1/localhost/framework/web/CWebApplication.php(141): CWebApplication->runController()
#9 /opt/lampp/htdocs/rpzrpzrpz-1/localhost/framework/base/CApplication.php(184): CWebApplication->processRequest()
#10 /opt/lampp/htdocs/rpzrpzrpz-1/localhost/index.php(17): CWebApplication->run()
REQUEST_URI=/rpzrpzrpz-1/localhost/
in /opt/lampp/htdocs/rpzrpzrpz-1/localhost/protected/views/site/index.php (308)
in /opt/lampp/htdocs/rpzrpzrpz-1/localhost/protected/controllers/SiteController.php (25)
in /opt/lampp/htdocs/rpzrpzrpz-1/localhost/index.php (17)
2019/12/24 10:41:49 [error] [php] Undefined variable: model (/opt/lampp/htdocs/rpzrpzrpz-1/localhost/protected/views/site/index.php:308)
Stack trace:
#0 /opt/lampp/htdocs/rpzrpzrpz-1/localhost/framework/web/CController.php(869): SiteController->renderFile()
#1 /opt/lampp/htdocs/rpzrpzrpz-1/localhost/framework/web/CController.php(782): SiteController->renderPartial()
#2 /opt/lampp/htdocs/rpzrpzrpz-1/localhost/protected/controllers/SiteController.php(25): SiteController->render()
#3 /opt/lampp/htdocs/rpzrpzrpz-1/localhost/framework/web/actions/CInlineAction.php(49): SiteController->actionIndex()
#4 /opt/lampp/htdocs/rpzrpzrpz-1/localhost/framework/web/CController.php(308): CInlineAction->runWithParams()
#5 /opt/lampp/htdocs/rpzrpzrpz-1/localhost/framework/web/CController.php(286): SiteController->runAction()
#6 /opt/lampp/htdocs/rpzrpzrpz-1/localhost/framework/web/CController.php(265): SiteController->runActionWithFilters()
#7 /opt/lampp/htdocs/rpzrpzrpz-1/localhost/framework/web/CWebApplication.php(282): SiteController->run()
#8 /opt/lampp/htdocs/rpzrpzrpz-1/localhost/framework/web/CWebApplication.php(141): CWebApplication->runController()
#9 /opt/lampp/htdocs/rpzrpzrpz-1/localhost/framework/base/CApplication.php(184): CWebApplication->processRequest()
#10 /opt/lampp/htdocs/rpzrpzrpz-1/localhost/index.php(17): CWebApplication->run()
REQUEST_URI=/rpzrpzrpz-1/localhost/
in /opt/lampp/htdocs/rpzrpzrpz-1/localhost/protected/views/site/index.php (308)
in /opt/lampp/htdocs/rpzrpzrpz-1/localhost/protected/controllers/SiteController.php (25)
in /opt/lampp/htdocs/rpzrpzrpz-1/localhost/index.php (17)
2019/12/24 10:41:54 [error] [exception.CHttpException.404] CHttpException: Неможливо обробити запит "design/templates/theme2022/js/es5-shim.map". in /opt/lampp/htdocs/rpzrpzrpz-1/localhost/framework/web/CWebApplication.php:286
Stack trace:
#0 /opt/lampp/htdocs/rpzrpzrpz-1/localhost/framework/web/CWebApplication.php(141): CWebApplication->runController('design/template...')
#1 /opt/lampp/htdocs/rpzrpzrpz-1/localhost/framework/base/CApplication.php(184): CWebApplication->processRequest()
#2 /opt/lampp/htdocs/rpzrpzrpz-1/localhost/index.php(17): CApplication->run()
#3 {main}
REQUEST_URI=/rpzrpzrpz-1/localhost/design/templates/theme2022/js/es5-shim.map
---
2019/12/24 10:41:58 [error] [php] Undefined variable: model (/opt/lampp/htdocs/rpzrpzrpz-1/localhost/protected/views/site/index.php:308)
Stack trace:
#0 /opt/lampp/htdocs/rpzrpzrpz-1/localhost/framework/web/CController.php(869): SiteController->renderFile()
#1 /opt/lampp/htdocs/rpzrpzrpz-1/localhost/framework/web/CController.php(782): SiteController->renderPartial()
#2 /opt/lampp/htdocs/rpzrpzrpz-1/localhost/protected/controllers/SiteController.php(25): SiteController->render()
#3 /opt/lampp/htdocs/rpzrpzrpz-1/localhost/framework/web/actions/CInlineAction.php(49): SiteController->actionIndex()
#4 /opt/lampp/htdocs/rpzrpzrpz-1/localhost/framework/web/CController.php(308): CInlineAction->runWithParams()
#5 /opt/lampp/htdocs/rpzrpzrpz-1/localhost/framework/web/CController.php(286): SiteController->runAction()
#6 /opt/lampp/htdocs/rpzrpzrpz-1/localhost/framework/web/CController.php(265): SiteController->runActionWithFilters()
#7 /opt/lampp/htdocs/rpzrpzrpz-1/localhost/framework/web/CWebApplication.php(282): SiteController->run()
#8 /opt/lampp/htdocs/rpzrpzrpz-1/localhost/framework/web/CWebApplication.php(141): CWebApplication->runController()
#9 /opt/lampp/htdocs/rpzrpzrpz-1/localhost/framework/base/CApplication.php(184): CWebApplication->processRequest()
#10 /opt/lampp/htdocs/rpzrpzrpz-1/localhost/index.php(17): CWebApplication->run()
REQUEST_URI=/rpzrpzrpz-1/localhost/
in /opt/lampp/htdocs/rpzrpzrpz-1/localhost/protected/views/site/index.php (308)
in /opt/lampp/htdocs/rpzrpzrpz-1/localhost/protected/controllers/SiteController.php (25)
in /opt/lampp/htdocs/rpzrpzrpz-1/localhost/index.php (17)
2019/12/24 10:41:58 [error] [exception.CHttpException.404] CHttpException: Неможливо обробити запит "design/templates/theme2022/js/es5-shim.map". in /opt/lampp/htdocs/rpzrpzrpz-1/localhost/framework/web/CWebApplication.php:286
Stack trace:
#0 /opt/lampp/htdocs/rpzrpzrpz-1/localhost/framework/web/CWebApplication.php(141): CWebApplication->runController('design/template...')
#1 /opt/lampp/htdocs/rpzrpzrpz-1/localhost/framework/base/CApplication.php(184): CWebApplication->processRequest()
#2 /opt/lampp/htdocs/rpzrpzrpz-1/localhost/index.php(17): CApplication->run()
#3 {main}
REQUEST_URI=/rpzrpzrpz-1/localhost/design/templates/theme2022/js/es5-shim.map
---
2019/12/24 10:42:44 [error] [php] Undefined variable: model (/opt/lampp/htdocs/rpzrpzrpz-1/localhost/protected/views/site/index.php:308)
Stack trace:
#0 /opt/lampp/htdocs/rpzrpzrpz-1/localhost/framework/web/CController.php(869): SiteController->renderFile()
#1 /opt/lampp/htdocs/rpzrpzrpz-1/localhost/framework/web/CController.php(782): SiteController->renderPartial()
#2 /opt/lampp/htdocs/rpzrpzrpz-1/localhost/protected/controllers/SiteController.php(25): SiteController->render()
#3 /opt/lampp/htdocs/rpzrpzrpz-1/localhost/framework/web/actions/CInlineAction.php(49): SiteController->actionIndex()
#4 /opt/lampp/htdocs/rpzrpzrpz-1/localhost/framework/web/CController.php(308): CInlineAction->runWithParams()
#5 /opt/lampp/htdocs/rpzrpzrpz-1/localhost/framework/web/CController.php(286): SiteController->runAction()
#6 /opt/lampp/htdocs/rpzrpzrpz-1/localhost/framework/web/CController.php(265): SiteController->runActionWithFilters()
#7 /opt/lampp/htdocs/rpzrpzrpz-1/localhost/framework/web/CWebApplication.php(282): SiteController->run()
#8 /opt/lampp/htdocs/rpzrpzrpz-1/localhost/framework/web/CWebApplication.php(141): CWebApplication->runController()
#9 /opt/lampp/htdocs/rpzrpzrpz-1/localhost/framework/base/CApplication.php(184): CWebApplication->processRequest()
#10 /opt/lampp/htdocs/rpzrpzrpz-1/localhost/index.php(17): CWebApplication->run()
REQUEST_URI=/rpzrpzrpz-1/localhost/
in /opt/lampp/htdocs/rpzrpzrpz-1/localhost/protected/views/site/index.php (308)
in /opt/lampp/htdocs/rpzrpzrpz-1/localhost/protected/controllers/SiteController.php (25)
in /opt/lampp/htdocs/rpzrpzrpz-1/localhost/index.php (17)
2019/12/24 10:42:45 [error] [exception.CHttpException.404] CHttpException: Неможливо обробити запит "design/templates/theme2022/js/es5-shim.map". in /opt/lampp/htdocs/rpzrpzrpz-1/localhost/framework/web/CWebApplication.php:286
Stack trace:
#0 /opt/lampp/htdocs/rpzrpzrpz-1/localhost/framework/web/CWebApplication.php(141): CWebApplication->runController('design/template...')
#1 /opt/lampp/htdocs/rpzrpzrpz-1/localhost/framework/base/CApplication.php(184): CWebApplication->processRequest()
#2 /opt/lampp/htdocs/rpzrpzrpz-1/localhost/index.php(17): CApplication->run()
#3 {main}
REQUEST_URI=/rpzrpzrpz-1/localhost/design/templates/theme2022/js/es5-shim.map
---
2019/12/24 10:42:49 [error] [exception.CHttpException.404] CHttpException: Неможливо обробити запит "design/templates/theme2022/js/es5-shim.map". in /opt/lampp/htdocs/rpzrpzrpz-1/localhost/framework/web/CWebApplication.php:286
Stack trace:
#0 /opt/lampp/htdocs/rpzrpzrpz-1/localhost/framework/web/CWebApplication.php(141): CWebApplication->runController('design/template...')
#1 /opt/lampp/htdocs/rpzrpzrpz-1/localhost/framework/base/CApplication.php(184): CWebApplication->processRequest()
#2 /opt/lampp/htdocs/rpzrpzrpz-1/localhost/index.php(17): CApplication->run()
#3 {main}
REQUEST_URI=/rpzrpzrpz-1/localhost/design/templates/theme2022/js/es5-shim.map
---
2019/12/24 10:42:51 [error] [php] Undefined variable: model (/opt/lampp/htdocs/rpzrpzrpz-1/localhost/protected/views/site/index.php:308)
Stack trace:
#0 /opt/lampp/htdocs/rpzrpzrpz-1/localhost/framework/web/CController.php(869): SiteController->renderFile()
#1 /opt/lampp/htdocs/rpzrpzrpz-1/localhost/framework/web/CController.php(782): SiteController->renderPartial()
#2 /opt/lampp/htdocs/rpzrpzrpz-1/localhost/protected/controllers/SiteController.php(25): SiteController->render()
#3 /opt/lampp/htdocs/rpzrpzrpz-1/localhost/framework/web/actions/CInlineAction.php(49): SiteController->actionIndex()
#4 /opt/lampp/htdocs/rpzrpzrpz-1/localhost/framework/web/CController.php(308): CInlineAction->runWithParams()
#5 /opt/lampp/htdocs/rpzrpzrpz-1/localhost/framework/web/CController.php(286): SiteController->runAction()
#6 /opt/lampp/htdocs/rpzrpzrpz-1/localhost/framework/web/CController.php(265): SiteController->runActionWithFilters()
#7 /opt/lampp/htdocs/rpzrpzrpz-1/localhost/framework/web/CWebApplication.php(282): SiteController->run()
#8 /opt/lampp/htdocs/rpzrpzrpz-1/localhost/framework/web/CWebApplication.php(141): CWebApplication->runController()
#9 /opt/lampp/htdocs/rpzrpzrpz-1/localhost/framework/base/CApplication.php(184): CWebApplication->processRequest()
#10 /opt/lampp/htdocs/rpzrpzrpz-1/localhost/index.php(17): CWebApplication->run()
REQUEST_URI=/rpzrpzrpz-1/localhost/site/index
in /opt/lampp/htdocs/rpzrpzrpz-1/localhost/protected/views/site/index.php (308)
in /opt/lampp/htdocs/rpzrpzrpz-1/localhost/protected/controllers/SiteController.php (25)
in /opt/lampp/htdocs/rpzrpzrpz-1/localhost/index.php (17)
2019/12/24 10:42:52 [error] [exception.CHttpException.404] CHttpException: Неможливо обробити запит "design/templates/theme2022/js/es5-shim.map". in /opt/lampp/htdocs/rpzrpzrpz-1/localhost/framework/web/CWebApplication.php:286
Stack trace:
#0 /opt/lampp/htdocs/rpzrpzrpz-1/localhost/framework/web/CWebApplication.php(141): CWebApplication->runController('design/template...')
#1 /opt/lampp/htdocs/rpzrpzrpz-1/localhost/framework/base/CApplication.php(184): CWebApplication->processRequest()
#2 /opt/lampp/htdocs/rpzrpzrpz-1/localhost/index.php(17): CApplication->run()
#3 {main}
REQUEST_URI=/rpzrpzrpz-1/localhost/design/templates/theme2022/js/es5-shim.map
---
2019/12/24 10:45:21 [error] [exception.CHttpException.404] CHttpException: Неможливо обробити запит "design/templates/theme2022/js/es5-shim.map". in /opt/lampp/htdocs/rpzrpzrpz-1/localhost/framework/web/CWebApplication.php:286
Stack trace:
#0 /opt/lampp/htdocs/rpzrpzrpz-1/localhost/framework/web/CWebApplication.php(141): CWebApplication->runController('design/template...')
#1 /opt/lampp/htdocs/rpzrpzrpz-1/localhost/framework/base/CApplication.php(184): CWebApplication->processRequest()
#2 /opt/lampp/htdocs/rpzrpzrpz-1/localhost/index.php(17): CApplication->run()
#3 {main}
REQUEST_URI=/rpzrpzrpz-1/localhost/design/templates/theme2022/js/es5-shim.map
---
2019/12/24 10:45:36 [error] [exception.CHttpException.404] CHttpException: Неможливо обробити запит "page/view". in /opt/lampp/htdocs/rpzrpzrpz-1/localhost/framework/web/CWebApplication.php:286
Stack trace:
#0 /opt/lampp/htdocs/rpzrpzrpz-1/localhost/framework/web/CWebApplication.php(141): CWebApplication->runController('page/view')
#1 /opt/lampp/htdocs/rpzrpzrpz-1/localhost/framework/base/CApplication.php(184): CWebApplication->processRequest()
#2 /opt/lampp/htdocs/rpzrpzrpz-1/localhost/index.php(17): CApplication->run()
#3 {main}
REQUEST_URI=/rpzrpzrpz-1/localhost/page/1
---
2019/12/24 10:45:41 [error] [exception.CHttpException.404] CHttpException: Неможливо обробити запит "1". in /opt/lampp/htdocs/rpzrpzrpz-1/localhost/framework/web/CWebApplication.php:286
Stack trace:
#0 /opt/lampp/htdocs/rpzrpzrpz-1/localhost/framework/web/CWebApplication.php(141): CWebApplication->runController('1')
#1 /opt/lampp/htdocs/rpzrpzrpz-1/localhost/framework/base/CApplication.php(184): CWebApplication->processRequest()
#2 /opt/lampp/htdocs/rpzrpzrpz-1/localhost/index.php(17): CApplication->run()
#3 {main}
REQUEST_URI=/rpzrpzrpz-1/localhost/1
---
2019/12/24 10:46:15 [error] [php] Undefined variable: model (/opt/lampp/htdocs/rpzrpzrpz-1/localhost/protected/views/site/index.php:308)
Stack trace:
#0 /opt/lampp/htdocs/rpzrpzrpz-1/localhost/framework/web/CController.php(869): SiteController->renderFile()
#1 /opt/lampp/htdocs/rpzrpzrpz-1/localhost/framework/web/CController.php(782): SiteController->renderPartial()
#2 /opt/lampp/htdocs/rpzrpzrpz-1/localhost/protected/controllers/SiteController.php(22): SiteController->render()
#3 /opt/lampp/htdocs/rpzrpzrpz-1/localhost/framework/web/actions/CInlineAction.php(49): SiteController->actionIndex()
#4 /opt/lampp/htdocs/rpzrpzrpz-1/localhost/framework/web/CController.php(308): CInlineAction->runWithParams()
#5 /opt/lampp/htdocs/rpzrpzrpz-1/localhost/framework/web/CController.php(286): SiteController->runAction()
#6 /opt/lampp/htdocs/rpzrpzrpz-1/localhost/framework/web/CController.php(265): SiteController->runActionWithFilters()
#7 /opt/lampp/htdocs/rpzrpzrpz-1/localhost/framework/web/CWebApplication.php(282): SiteController->run()
#8 /opt/lampp/htdocs/rpzrpzrpz-1/localhost/framework/web/CWebApplication.php(141): CWebApplication->runController()
#9 /opt/lampp/htdocs/rpzrpzrpz-1/localhost/framework/base/CApplication.php(184): CWebApplication->processRequest()
#10 /opt/lampp/htdocs/rpzrpzrpz-1/localhost/index.php(17): CWebApplication->run()
REQUEST_URI=/rpzrpzrpz-1/localhost/
in /opt/lampp/htdocs/rpzrpzrpz-1/localhost/protected/views/site/index.php (308)
in /opt/lampp/htdocs/rpzrpzrpz-1/localhost/protected/controllers/SiteController.php (22)
in /opt/lampp/htdocs/rpzrpzrpz-1/localhost/index.php (17)
2019/12/24 10:46:20 [error] [php] Undefined variable: model (/opt/lampp/htdocs/rpzrpzrpz-1/localhost/protected/views/site/index.php:308)
Stack trace:
#0 /opt/lampp/htdocs/rpzrpzrpz-1/localhost/framework/web/CController.php(869): SiteController->renderFile()
#1 /opt/lampp/htdocs/rpzrpzrpz-1/localhost/framework/web/CController.php(782): SiteController->renderPartial()
#2 /opt/lampp/htdocs/rpzrpzrpz-1/localhost/protected/controllers/SiteController.php(22): SiteController->render()
#3 /opt/lampp/htdocs/rpzrpzrpz-1/localhost/framework/web/actions/CInlineAction.php(49): SiteController->actionIndex()
#4 /opt/lampp/htdocs/rpzrpzrpz-1/localhost/framework/web/CController.php(308): CInlineAction->runWithParams()
#5 /opt/lampp/htdocs/rpzrpzrpz-1/localhost/framework/web/CController.php(286): SiteController->runAction()
#6 /opt/lampp/htdocs/rpzrpzrpz-1/localhost/framework/web/CController.php(265): SiteController->runActionWithFilters()
#7 /opt/lampp/htdocs/rpzrpzrpz-1/localhost/framework/web/CWebApplication.php(282): SiteController->run()
#8 /opt/lampp/htdocs/rpzrpzrpz-1/localhost/framework/web/CWebApplication.php(141): CWebApplication->runController()
#9 /opt/lampp/htdocs/rpzrpzrpz-1/localhost/framework/base/CApplication.php(184): CWebApplication->processRequest()
#10 /opt/lampp/htdocs/rpzrpzrpz-1/localhost/index.php(17): CWebApplication->run()
REQUEST_URI=/rpzrpzrpz-1/localhost/
in /opt/lampp/htdocs/rpzrpzrpz-1/localhost/protected/views/site/index.php (308)
in /opt/lampp/htdocs/rpzrpzrpz-1/localhost/protected/controllers/SiteController.php (22)
in /opt/lampp/htdocs/rpzrpzrpz-1/localhost/index.php (17)
2019/12/24 10:47:00 [error] [php] Undefined variable: model (/opt/lampp/htdocs/rpzrpzrpz-1/localhost/protected/views/site/index.php:308)
Stack trace:
#0 /opt/lampp/htdocs/rpzrpzrpz-1/localhost/framework/web/CController.php(869): SiteController->renderFile()
#1 /opt/lampp/htdocs/rpzrpzrpz-1/localhost/framework/web/CController.php(782): SiteController->renderPartial()
#2 /opt/lampp/htdocs/rpzrpzrpz-1/localhost/protected/controllers/SiteController.php(22): SiteController->render()
#3 /opt/lampp/htdocs/rpzrpzrpz-1/localhost/framework/web/actions/CInlineAction.php(49): SiteController->actionIndex()
#4 /opt/lampp/htdocs/rpzrpzrpz-1/localhost/framework/web/CController.php(308): CInlineAction->runWithParams()
#5 /opt/lampp/htdocs/rpzrpzrpz-1/localhost/framework/web/CController.php(286): SiteController->runAction()
#6 /opt/lampp/htdocs/rpzrpzrpz-1/localhost/framework/web/CController.php(265): SiteController->runActionWithFilters()
#7 /opt/lampp/htdocs/rpzrpzrpz-1/localhost/framework/web/CWebApplication.php(282): SiteController->run()
#8 /opt/lampp/htdocs/rpzrpzrpz-1/localhost/framework/web/CWebApplication.php(141): CWebApplication->runController()
#9 /opt/lampp/htdocs/rpzrpzrpz-1/localhost/framework/base/CApplication.php(184): CWebApplication->processRequest()
#10 /opt/lampp/htdocs/rpzrpzrpz-1/localhost/index.php(17): CWebApplication->run()
REQUEST_URI=/rpzrpzrpz-1/localhost/
in /opt/lampp/htdocs/rpzrpzrpz-1/localhost/protected/views/site/index.php (308)
in /opt/lampp/htdocs/rpzrpzrpz-1/localhost/protected/controllers/SiteController.php (22)
in /opt/lampp/htdocs/rpzrpzrpz-1/localhost/index.php (17)
2019/12/24 10:47:40 [error] [php] Undefined variable: model (/opt/lampp/htdocs/rpzrpzrpz-1/localhost/protected/views/site/index.php:308)
Stack trace:
#0 /opt/lampp/htdocs/rpzrpzrpz-1/localhost/framework/web/CController.php(869): SiteController->renderFile()
#1 /opt/lampp/htdocs/rpzrpzrpz-1/localhost/framework/web/CController.php(782): SiteController->renderPartial()
#2 /opt/lampp/htdocs/rpzrpzrpz-1/localhost/protected/controllers/SiteController.php(22): SiteController->render()
#3 /opt/lampp/htdocs/rpzrpzrpz-1/localhost/framework/web/actions/CInlineAction.php(49): SiteController->actionIndex()
#4 /opt/lampp/htdocs/rpzrpzrpz-1/localhost/framework/web/CController.php(308): CInlineAction->runWithParams()
#5 /opt/lampp/htdocs/rpzrpzrpz-1/localhost/framework/web/CController.php(286): SiteController->runAction()
#6 /opt/lampp/htdocs/rpzrpzrpz-1/localhost/framework/web/CController.php(265): SiteController->runActionWithFilters()
#7 /opt/lampp/htdocs/rpzrpzrpz-1/localhost/framework/web/CWebApplication.php(282): SiteController->run()
#8 /opt/lampp/htdocs/rpzrpzrpz-1/localhost/framework/web/CWebApplication.php(141): CWebApplication->runController()
#9 /opt/lampp/htdocs/rpzrpzrpz-1/localhost/framework/base/CApplication.php(184): CWebApplication->processRequest()
#10 /opt/lampp/htdocs/rpzrpzrpz-1/localhost/index.php(17): CWebApplication->run()
REQUEST_URI=/rpzrpzrpz-1/localhost/
in /opt/lampp/htdocs/rpzrpzrpz-1/localhost/protected/views/site/index.php (308)
in /opt/lampp/htdocs/rpzrpzrpz-1/localhost/protected/controllers/SiteController.php (22)
in /opt/lampp/htdocs/rpzrpzrpz-1/localhost/index.php (17)
2019/12/24 10:47:57 [error] [php] Undefined variable: model (/opt/lampp/htdocs/rpzrpzrpz-1/localhost/protected/views/site/index.php:308)
Stack trace:
#0 /opt/lampp/htdocs/rpzrpzrpz-1/localhost/framework/web/CController.php(869): SiteController->renderFile()
#1 /opt/lampp/htdocs/rpzrpzrpz-1/localhost/framework/web/CController.php(782): SiteController->renderPartial()
#2 /opt/lampp/htdocs/rpzrpzrpz-1/localhost/protected/controllers/SiteController.php(22): SiteController->render()
#3 /opt/lampp/htdocs/rpzrpzrpz-1/localhost/framework/web/actions/CInlineAction.php(49): SiteController->actionIndex()
#4 /opt/lampp/htdocs/rpzrpzrpz-1/localhost/framework/web/CController.php(308): CInlineAction->runWithParams()
#5 /opt/lampp/htdocs/rpzrpzrpz-1/localhost/framework/web/CController.php(286): SiteController->runAction()
#6 /opt/lampp/htdocs/rpzrpzrpz-1/localhost/framework/web/CController.php(265): SiteController->runActionWithFilters()
#7 /opt/lampp/htdocs/rpzrpzrpz-1/localhost/framework/web/CWebApplication.php(282): SiteController->run()
#8 /opt/lampp/htdocs/rpzrpzrpz-1/localhost/framework/web/CWebApplication.php(141): CWebApplication->runController()
#9 /opt/lampp/htdocs/rpzrpzrpz-1/localhost/framework/base/CApplication.php(184): CWebApplication->processRequest()
#10 /opt/lampp/htdocs/rpzrpzrpz-1/localhost/index.php(17): CWebApplication->run()
REQUEST_URI=/rpzrpzrpz-1/localhost/
in /opt/lampp/htdocs/rpzrpzrpz-1/localhost/protected/views/site/index.php (308)
in /opt/lampp/htdocs/rpzrpzrpz-1/localhost/protected/controllers/SiteController.php (22)
in /opt/lampp/htdocs/rpzrpzrpz-1/localhost/index.php (17)
2019/12/24 10:49:13 [error] [php] Undefined variable: model (/opt/lampp/htdocs/rpzrpzrpz-1/localhost/protected/views/site/index.php:309)
Stack trace:
#0 /opt/lampp/htdocs/rpzrpzrpz-1/localhost/framework/web/CController.php(869): SiteController->renderFile()
#1 /opt/lampp/htdocs/rpzrpzrpz-1/localhost/framework/web/CController.php(782): SiteController->renderPartial()
#2 /opt/lampp/htdocs/rpzrpzrpz-1/localhost/protected/controllers/SiteController.php(22): SiteController->render()
#3 /opt/lampp/htdocs/rpzrpzrpz-1/localhost/framework/web/actions/CInlineAction.php(49): SiteController->actionIndex()
#4 /opt/lampp/htdocs/rpzrpzrpz-1/localhost/framework/web/CController.php(308): CInlineAction->runWithParams()
#5 /opt/lampp/htdocs/rpzrpzrpz-1/localhost/framework/web/CController.php(286): SiteController->runAction()
#6 /opt/lampp/htdocs/rpzrpzrpz-1/localhost/framework/web/CController.php(265): SiteController->runActionWithFilters()
#7 /opt/lampp/htdocs/rpzrpzrpz-1/localhost/framework/web/CWebApplication.php(282): SiteController->run()
#8 /opt/lampp/htdocs/rpzrpzrpz-1/localhost/framework/web/CWebApplication.php(141): CWebApplication->runController()
#9 /opt/lampp/htdocs/rpzrpzrpz-1/localhost/framework/base/CApplication.php(184): CWebApplication->processRequest()
#10 /opt/lampp/htdocs/rpzrpzrpz-1/localhost/index.php(17): CWebApplication->run()
REQUEST_URI=/rpzrpzrpz-1/localhost/
in /opt/lampp/htdocs/rpzrpzrpz-1/localhost/protected/views/site/index.php (309)
in /opt/lampp/htdocs/rpzrpzrpz-1/localhost/protected/controllers/SiteController.php (22)
in /opt/lampp/htdocs/rpzrpzrpz-1/localhost/index.php (17)
2019/12/24 10:51:36 [error] [php] Undefined variable: model (/opt/lampp/htdocs/rpzrpzrpz-1/localhost/protected/views/site/index.php:308)
Stack trace:
#0 /opt/lampp/htdocs/rpzrpzrpz-1/localhost/framework/web/CController.php(869): SiteController->renderFile()
#1 /opt/lampp/htdocs/rpzrpzrpz-1/localhost/framework/web/CController.php(782): SiteController->renderPartial()
#2 /opt/lampp/htdocs/rpzrpzrpz-1/localhost/protected/controllers/SiteController.php(22): SiteController->render()
#3 /opt/lampp/htdocs/rpzrpzrpz-1/localhost/framework/web/actions/CInlineAction.php(49): SiteController->actionIndex()
#4 /opt/lampp/htdocs/rpzrpzrpz-1/localhost/framework/web/CController.php(308): CInlineAction->runWithParams()
#5 /opt/lampp/htdocs/rpzrpzrpz-1/localhost/framework/web/CController.php(286): SiteController->runAction()
#6 /opt/lampp/htdocs/rpzrpzrpz-1/localhost/framework/web/CController.php(265): SiteController->runActionWithFilters()
#7 /opt/lampp/htdocs/rpzrpzrpz-1/localhost/framework/web/CWebApplication.php(282): SiteController->run()
#8 /opt/lampp/htdocs/rpzrpzrpz-1/localhost/framework/web/CWebApplication.php(141): CWebApplication->runController()
#9 /opt/lampp/htdocs/rpzrpzrpz-1/localhost/framework/base/CApplication.php(184): CWebApplication->processRequest()
#10 /opt/lampp/htdocs/rpzrpzrpz-1/localhost/index.php(17): CWebApplication->run()
REQUEST_URI=/rpzrpzrpz-1/localhost/
in /opt/lampp/htdocs/rpzrpzrpz-1/localhost/protected/views/site/index.php (308)
in /opt/lampp/htdocs/rpzrpzrpz-1/localhost/protected/controllers/SiteController.php (22)
in /opt/lampp/htdocs/rpzrpzrpz-1/localhost/index.php (17)
2019/12/24 10:52:48 [error] [exception.CHttpException.404] CHttpException: Неможливо обробити запит "design/templates/theme2022/js/es5-shim.map". in /opt/lampp/htdocs/rpzrpzrpz-1/localhost/framework/web/CWebApplication.php:286
Stack trace:
#0 /opt/lampp/htdocs/rpzrpzrpz-1/localhost/framework/web/CWebApplication.php(141): CWebApplication->runController('design/template...')
#1 /opt/lampp/htdocs/rpzrpzrpz-1/localhost/framework/base/CApplication.php(184): CWebApplication->processRequest()
#2 /opt/lampp/htdocs/rpzrpzrpz-1/localhost/index.php(17): CApplication->run()
#3 {main}
REQUEST_URI=/rpzrpzrpz-1/localhost/design/templates/theme2022/js/es5-shim.map
---
2019/12/24 11:45:26 [error] [php] Undefined variable: modelContact (/opt/lampp/htdocs/rpzrpzrpz-1/localhost/protected/views/site/index.php:308)
Stack trace:
#0 /opt/lampp/htdocs/rpzrpzrpz-1/localhost/framework/web/CController.php(869): SiteController->renderFile()
#1 /opt/lampp/htdocs/rpzrpzrpz-1/localhost/framework/web/CController.php(782): SiteController->renderPartial()
#2 /opt/lampp/htdocs/rpzrpzrpz-1/localhost/protected/controllers/SiteController.php(22): SiteController->render()
#3 /opt/lampp/htdocs/rpzrpzrpz-1/localhost/framework/web/actions/CInlineAction.php(49): SiteController->actionIndex()
#4 /opt/lampp/htdocs/rpzrpzrpz-1/localhost/framework/web/CController.php(308): CInlineAction->runWithParams()
#5 /opt/lampp/htdocs/rpzrpzrpz-1/localhost/framework/web/CController.php(286): SiteController->runAction()
#6 /opt/lampp/htdocs/rpzrpzrpz-1/localhost/framework/web/CController.php(265): SiteController->runActionWithFilters()
#7 /opt/lampp/htdocs/rpzrpzrpz-1/localhost/framework/web/CWebApplication.php(282): SiteController->run()
#8 /opt/lampp/htdocs/rpzrpzrpz-1/localhost/framework/web/CWebApplication.php(141): CWebApplication->runController()
#9 /opt/lampp/htdocs/rpzrpzrpz-1/localhost/framework/base/CApplication.php(184): CWebApplication->processRequest()
#10 /opt/lampp/htdocs/rpzrpzrpz-1/localhost/index.php(17): CWebApplication->run()
REQUEST_URI=/rpzrpzrpz-1/localhost/
in /opt/lampp/htdocs/rpzrpzrpz-1/localhost/protected/views/site/index.php (308)
in /opt/lampp/htdocs/rpzrpzrpz-1/localhost/protected/controllers/SiteController.php (22)
in /opt/lampp/htdocs/rpzrpzrpz-1/localhost/index.php (17)
2019/12/24 11:45:58 [error] [php] Undefined variable: modelContact (/opt/lampp/htdocs/rpzrpzrpz-1/localhost/protected/views/site/index.php:308)
Stack trace:
#0 /opt/lampp/htdocs/rpzrpzrpz-1/localhost/framework/web/CController.php(869): SiteController->renderFile()
#1 /opt/lampp/htdocs/rpzrpzrpz-1/localhost/framework/web/CController.php(782): SiteController->renderPartial()
#2 /opt/lampp/htdocs/rpzrpzrpz-1/localhost/protected/controllers/SiteController.php(22): SiteController->render()
#3 /opt/lampp/htdocs/rpzrpzrpz-1/localhost/framework/web/actions/CInlineAction.php(49): SiteController->actionIndex()
#4 /opt/lampp/htdocs/rpzrpzrpz-1/localhost/framework/web/CController.php(308): CInlineAction->runWithParams()
#5 /opt/lampp/htdocs/rpzrpzrpz-1/localhost/framework/web/CController.php(286): SiteController->runAction()
#6 /opt/lampp/htdocs/rpzrpzrpz-1/localhost/framework/web/CController.php(265): SiteController->runActionWithFilters()
#7 /opt/lampp/htdocs/rpzrpzrpz-1/localhost/framework/web/CWebApplication.php(282): SiteController->run()
#8 /opt/lampp/htdocs/rpzrpzrpz-1/localhost/framework/web/CWebApplication.php(141): CWebApplication->runController()
#9 /opt/lampp/htdocs/rpzrpzrpz-1/localhost/framework/base/CApplication.php(184): CWebApplication->processRequest()
#10 /opt/lampp/htdocs/rpzrpzrpz-1/localhost/index.php(17): CWebApplication->run()
REQUEST_URI=/rpzrpzrpz-1/localhost/
in /opt/lampp/htdocs/rpzrpzrpz-1/localhost/protected/views/site/index.php (308)
in /opt/lampp/htdocs/rpzrpzrpz-1/localhost/protected/controllers/SiteController.php (22)
in /opt/lampp/htdocs/rpzrpzrpz-1/localhost/index.php (17)
2019/12/24 11:46:49 [error] [php] Undefined variable: modelContact (/opt/lampp/htdocs/rpzrpzrpz-1/localhost/protected/views/site/index.php:308)
Stack trace:
#0 /opt/lampp/htdocs/rpzrpzrpz-1/localhost/framework/web/CController.php(869): SiteController->renderFile()
#1 /opt/lampp/htdocs/rpzrpzrpz-1/localhost/framework/web/CController.php(782): SiteController->renderPartial()
#2 /opt/lampp/htdocs/rpzrpzrpz-1/localhost/protected/controllers/SiteController.php(22): SiteController->render()
#3 /opt/lampp/htdocs/rpzrpzrpz-1/localhost/framework/web/actions/CInlineAction.php(49): SiteController->actionIndex()
#4 /opt/lampp/htdocs/rpzrpzrpz-1/localhost/framework/web/CController.php(308): CInlineAction->runWithParams()
#5 /opt/lampp/htdocs/rpzrpzrpz-1/localhost/framework/web/CController.php(286): SiteController->runAction()
#6 /opt/lampp/htdocs/rpzrpzrpz-1/localhost/framework/web/CController.php(265): SiteController->runActionWithFilters()
#7 /opt/lampp/htdocs/rpzrpzrpz-1/localhost/framework/web/CWebApplication.php(282): SiteController->run()
#8 /opt/lampp/htdocs/rpzrpzrpz-1/localhost/framework/web/CWebApplication.php(141): CWebApplication->runController()
#9 /opt/lampp/htdocs/rpzrpzrpz-1/localhost/framework/base/CApplication.php(184): CWebApplication->processRequest()
#10 /opt/lampp/htdocs/rpzrpzrpz-1/localhost/index.php(17): CWebApplication->run()
REQUEST_URI=/rpzrpzrpz-1/localhost/
in /opt/lampp/htdocs/rpzrpzrpz-1/localhost/protected/views/site/index.php (308)
in /opt/lampp/htdocs/rpzrpzrpz-1/localhost/protected/controllers/SiteController.php (22)
in /opt/lampp/htdocs/rpzrpzrpz-1/localhost/index.php (17)
2019/12/24 11:46:50 [error] [php] Undefined variable: modelContact (/opt/lampp/htdocs/rpzrpzrpz-1/localhost/protected/views/site/index.php:308)
Stack trace:
#0 /opt/lampp/htdocs/rpzrpzrpz-1/localhost/framework/web/CController.php(869): SiteController->renderFile()
#1 /opt/lampp/htdocs/rpzrpzrpz-1/localhost/framework/web/CController.php(782): SiteController->renderPartial()
#2 /opt/lampp/htdocs/rpzrpzrpz-1/localhost/protected/controllers/SiteController.php(22): SiteController->render()
#3 /opt/lampp/htdocs/rpzrpzrpz-1/localhost/framework/web/actions/CInlineAction.php(49): SiteController->actionIndex()
#4 /opt/lampp/htdocs/rpzrpzrpz-1/localhost/framework/web/CController.php(308): CInlineAction->runWithParams()
#5 /opt/lampp/htdocs/rpzrpzrpz-1/localhost/framework/web/CController.php(286): SiteController->runAction()
#6 /opt/lampp/htdocs/rpzrpzrpz-1/localhost/framework/web/CController.php(265): SiteController->runActionWithFilters()
#7 /opt/lampp/htdocs/rpzrpzrpz-1/localhost/framework/web/CWebApplication.php(282): SiteController->run()
#8 /opt/lampp/htdocs/rpzrpzrpz-1/localhost/framework/web/CWebApplication.php(141): CWebApplication->runController()
#9 /opt/lampp/htdocs/rpzrpzrpz-1/localhost/framework/base/CApplication.php(184): CWebApplication->processRequest()
#10 /opt/lampp/htdocs/rpzrpzrpz-1/localhost/index.php(17): CWebApplication->run()
REQUEST_URI=/rpzrpzrpz-1/localhost/
in /opt/lampp/htdocs/rpzrpzrpz-1/localhost/protected/views/site/index.php (308)
in /opt/lampp/htdocs/rpzrpzrpz-1/localhost/protected/controllers/SiteController.php (22)
in /opt/lampp/htdocs/rpzrpzrpz-1/localhost/index.php (17)
2019/12/24 11:47:55 [error] [php] Undefined variable: modelContact (/opt/lampp/htdocs/rpzrpzrpz-1/localhost/protected/views/site/index.php:308)
Stack trace:
#0 /opt/lampp/htdocs/rpzrpzrpz-1/localhost/framework/web/CController.php(869): SiteController->renderFile()
#1 /opt/lampp/htdocs/rpzrpzrpz-1/localhost/framework/web/CController.php(782): SiteController->renderPartial()
#2 /opt/lampp/htdocs/rpzrpzrpz-1/localhost/protected/controllers/SiteController.php(22): SiteController->render()
#3 /opt/lampp/htdocs/rpzrpzrpz-1/localhost/framework/web/actions/CInlineAction.php(49): SiteController->actionIndex()
#4 /opt/lampp/htdocs/rpzrpzrpz-1/localhost/framework/web/CController.php(308): CInlineAction->runWithParams()
#5 /opt/lampp/htdocs/rpzrpzrpz-1/localhost/framework/web/CController.php(286): SiteController->runAction()
#6 /opt/lampp/htdocs/rpzrpzrpz-1/localhost/framework/web/CController.php(265): SiteController->runActionWithFilters()
#7 /opt/lampp/htdocs/rpzrpzrpz-1/localhost/framework/web/CWebApplication.php(282): SiteController->run()
#8 /opt/lampp/htdocs/rpzrpzrpz-1/localhost/framework/web/CWebApplication.php(141): CWebApplication->runController()
#9 /opt/lampp/htdocs/rpzrpzrpz-1/localhost/framework/base/CApplication.php(184): CWebApplication->processRequest()
#10 /opt/lampp/htdocs/rpzrpzrpz-1/localhost/index.php(17): CWebApplication->run()
REQUEST_URI=/rpzrpzrpz-1/localhost/
in /opt/lampp/htdocs/rpzrpzrpz-1/localhost/protected/views/site/index.php (308)
in /opt/lampp/htdocs/rpzrpzrpz-1/localhost/protected/controllers/SiteController.php (22)
in /opt/lampp/htdocs/rpzrpzrpz-1/localhost/index.php (17)
2019/12/24 11:48:18 [error] [php] Undefined variable: modelContact (/opt/lampp/htdocs/rpzrpzrpz-1/localhost/protected/views/site/index.php:308)
Stack trace:
#0 /opt/lampp/htdocs/rpzrpzrpz-1/localhost/framework/web/CController.php(869): SiteController->renderFile()
#1 /opt/lampp/htdocs/rpzrpzrpz-1/localhost/framework/web/CController.php(782): SiteController->renderPartial()
#2 /opt/lampp/htdocs/rpzrpzrpz-1/localhost/protected/controllers/SiteController.php(22): SiteController->render()
#3 /opt/lampp/htdocs/rpzrpzrpz-1/localhost/framework/web/actions/CInlineAction.php(49): SiteController->actionIndex()
#4 /opt/lampp/htdocs/rpzrpzrpz-1/localhost/framework/web/CController.php(308): CInlineAction->runWithParams()
#5 /opt/lampp/htdocs/rpzrpzrpz-1/localhost/framework/web/CController.php(286): SiteController->runAction()
#6 /opt/lampp/htdocs/rpzrpzrpz-1/localhost/framework/web/CController.php(265): SiteController->runActionWithFilters()
#7 /opt/lampp/htdocs/rpzrpzrpz-1/localhost/framework/web/CWebApplication.php(282): SiteController->run()
#8 /opt/lampp/htdocs/rpzrpzrpz-1/localhost/framework/web/CWebApplication.php(141): CWebApplication->runController()
#9 /opt/lampp/htdocs/rpzrpzrpz-1/localhost/framework/base/CApplication.php(184): CWebApplication->processRequest()
#10 /opt/lampp/htdocs/rpzrpzrpz-1/localhost/index.php(17): CWebApplication->run()
REQUEST_URI=/rpzrpzrpz-1/localhost/
in /opt/lampp/htdocs/rpzrpzrpz-1/localhost/protected/views/site/index.php (308)
in /opt/lampp/htdocs/rpzrpzrpz-1/localhost/protected/controllers/SiteController.php (22)
in /opt/lampp/htdocs/rpzrpzrpz-1/localhost/index.php (17)
2019/12/24 11:51:28 [error] [php] Undefined variable: modelContact (/opt/lampp/htdocs/rpzrpzrpz-1/localhost/protected/views/site/index.php:308)
Stack trace:
#0 /opt/lampp/htdocs/rpzrpzrpz-1/localhost/framework/web/CController.php(869): SiteController->renderFile()
#1 /opt/lampp/htdocs/rpzrpzrpz-1/localhost/framework/web/CController.php(782): SiteController->renderPartial()
#2 /opt/lampp/htdocs/rpzrpzrpz-1/localhost/protected/controllers/SiteController.php(22): SiteController->render()
#3 /opt/lampp/htdocs/rpzrpzrpz-1/localhost/framework/web/actions/CInlineAction.php(49): SiteController->actionIndex()
#4 /opt/lampp/htdocs/rpzrpzrpz-1/localhost/framework/web/CController.php(308): CInlineAction->runWithParams()
#5 /opt/lampp/htdocs/rpzrpzrpz-1/localhost/framework/web/CController.php(286): SiteController->runAction()
#6 /opt/lampp/htdocs/rpzrpzrpz-1/localhost/framework/web/CController.php(265): SiteController->runActionWithFilters()
#7 /opt/lampp/htdocs/rpzrpzrpz-1/localhost/framework/web/CWebApplication.php(282): SiteController->run()
#8 /opt/lampp/htdocs/rpzrpzrpz-1/localhost/framework/web/CWebApplication.php(141): CWebApplication->runController()
#9 /opt/lampp/htdocs/rpzrpzrpz-1/localhost/framework/base/CApplication.php(184): CWebApplication->processRequest()
#10 /opt/lampp/htdocs/rpzrpzrpz-1/localhost/index.php(17): CWebApplication->run()
REQUEST_URI=/rpzrpzrpz-1/localhost/
in /opt/lampp/htdocs/rpzrpzrpz-1/localhost/protected/views/site/index.php (308)
in /opt/lampp/htdocs/rpzrpzrpz-1/localhost/protected/controllers/SiteController.php (22)
in /opt/lampp/htdocs/rpzrpzrpz-1/localhost/index.php (17)
2019/12/24 11:53:17 [error] [php] Undefined variable: modelContactdel (/opt/lampp/htdocs/rpzrpzrpz-1/localhost/protected/views/site/index.php:309)
Stack trace:
#0 /opt/lampp/htdocs/rpzrpzrpz-1/localhost/framework/web/CController.php(869): SiteController->renderFile()
#1 /opt/lampp/htdocs/rpzrpzrpz-1/localhost/framework/web/CController.php(782): SiteController->renderPartial()
#2 /opt/lampp/htdocs/rpzrpzrpz-1/localhost/protected/controllers/SiteController.php(40): SiteController->render()
#3 /opt/lampp/htdocs/rpzrpzrpz-1/localhost/framework/web/actions/CInlineAction.php(49): SiteController->actionIndex()
#4 /opt/lampp/htdocs/rpzrpzrpz-1/localhost/framework/web/CController.php(308): CInlineAction->runWithParams()
#5 /opt/lampp/htdocs/rpzrpzrpz-1/localhost/framework/web/CController.php(286): SiteController->runAction()
#6 /opt/lampp/htdocs/rpzrpzrpz-1/localhost/framework/web/CController.php(265): SiteController->runActionWithFilters()
#7 /opt/lampp/htdocs/rpzrpzrpz-1/localhost/framework/web/CWebApplication.php(282): SiteController->run()
#8 /opt/lampp/htdocs/rpzrpzrpz-1/localhost/framework/web/CWebApplication.php(141): CWebApplication->runController()
#9 /opt/lampp/htdocs/rpzrpzrpz-1/localhost/framework/base/CApplication.php(184): CWebApplication->processRequest()
#10 /opt/lampp/htdocs/rpzrpzrpz-1/localhost/index.php(17): CWebApplication->run()
REQUEST_URI=/rpzrpzrpz-1/localhost/
in /opt/lampp/htdocs/rpzrpzrpz-1/localhost/protected/views/site/index.php (309)
in /opt/lampp/htdocs/rpzrpzrpz-1/localhost/protected/controllers/SiteController.php (40)
in /opt/lampp/htdocs/rpzrpzrpz-1/localhost/index.php (17)
2019/12/24 11:53:18 [error] [php] Undefined variable: modelContactdel (/opt/lampp/htdocs/rpzrpzrpz-1/localhost/protected/views/site/index.php:309)
Stack trace:
#0 /opt/lampp/htdocs/rpzrpzrpz-1/localhost/framework/web/CController.php(869): SiteController->renderFile()
#1 /opt/lampp/htdocs/rpzrpzrpz-1/localhost/framework/web/CController.php(782): SiteController->renderPartial()
#2 /opt/lampp/htdocs/rpzrpzrpz-1/localhost/protected/controllers/SiteController.php(40): SiteController->render()
#3 /opt/lampp/htdocs/rpzrpzrpz-1/localhost/framework/web/actions/CInlineAction.php(49): SiteController->actionIndex()
#4 /opt/lampp/htdocs/rpzrpzrpz-1/localhost/framework/web/CController.php(308): CInlineAction->runWithParams()
#5 /opt/lampp/htdocs/rpzrpzrpz-1/localhost/framework/web/CController.php(286): SiteController->runAction()
#6 /opt/lampp/htdocs/rpzrpzrpz-1/localhost/framework/web/CController.php(265): SiteController->runActionWithFilters()
#7 /opt/lampp/htdocs/rpzrpzrpz-1/localhost/framework/web/CWebApplication.php(282): SiteController->run()
#8 /opt/lampp/htdocs/rpzrpzrpz-1/localhost/framework/web/CWebApplication.php(141): CWebApplication->runController()
#9 /opt/lampp/htdocs/rpzrpzrpz-1/localhost/framework/base/CApplication.php(184): CWebApplication->processRequest()
#10 /opt/lampp/htdocs/rpzrpzrpz-1/localhost/index.php(17): CWebApplication->run()
REQUEST_URI=/rpzrpzrpz-1/localhost/
in /opt/lampp/htdocs/rpzrpzrpz-1/localhost/protected/views/site/index.php (309)
in /opt/lampp/htdocs/rpzrpzrpz-1/localhost/protected/controllers/SiteController.php (40)
in /opt/lampp/htdocs/rpzrpzrpz-1/localhost/index.php (17)
2019/12/24 11:53:42 [error] [exception.CException] CException: Шлях CAssetManager.basePath "/opt/lampp/htdocs/rpzrpzrpz-1/localhost/assets" задано невірно. Переконайтесь, що директорія існує та доступна для запису користувачеві, під яким працює веб-сервер. in /opt/lampp/htdocs/rpzrpzrpz-1/localhost/framework/web/CAssetManager.php:138
Stack trace:
#0 /opt/lampp/htdocs/rpzrpzrpz-1/localhost/framework/web/CAssetManager.php(123): CAssetManager->setBasePath('/opt/lampp/htdo...')
#1 /opt/lampp/htdocs/rpzrpzrpz-1/localhost/framework/web/CAssetManager.php(217): CAssetManager->getBasePath()
#2 /opt/lampp/htdocs/rpzrpzrpz-1/localhost/framework/web/CClientScript.php(511): CAssetManager->publish('/opt/lampp/htdo...')
#3 /opt/lampp/htdocs/rpzrpzrpz-1/localhost/framework/web/CClientScript.php(548): CClientScript->getCoreScriptUrl()
#4 /opt/lampp/htdocs/rpzrpzrpz-1/localhost/framework/web/CClientScript.php(349): CClientScript->getPackageBaseUrl('jquery')
#5 /opt/lampp/htdocs/rpzrpzrpz-1/localhost/framework/web/CClientScript.php(208): CClientScript->renderCoreScripts()
#6 /opt/lampp/htdocs/rpzrpzrpz-1/localhost/framework/web/CController.php(351): CClientScript->render('\n<!DOCTYPE html...')
#7 /opt/lampp/htdocs/rpzrpzrpz-1/localhost/framework/web/CController.php(788): CController->processOutput('\n<!DOCTYPE html...')
#8 /opt/lampp/htdocs/rpzrpzrpz-1/localhost/protected/controllers/SiteController.php(40): CController->render('index', Array)
#9 /opt/lampp/htdocs/rpzrpzrpz-1/localhost/framework/web/actions/CInlineAction.php(49): SiteController->actionIndex()
#10 /opt/lampp/htdocs/rpzrpzrpz-1/localhost/framework/web/CController.php(308): CInlineAction->runWithParams(Array)
#11 /opt/lampp/htdocs/rpzrpzrpz-1/localhost/framework/web/CController.php(286): CController->runAction(Object(CInlineAction))
#12 /opt/lampp/htdocs/rpzrpzrpz-1/localhost/framework/web/CController.php(265): CController->runActionWithFilters(Object(CInlineAction), Array)
#13 /opt/lampp/htdocs/rpzrpzrpz-1/localhost/framework/web/CWebApplication.php(282): CController->run('')
#14 /opt/lampp/htdocs/rpzrpzrpz-1/localhost/framework/web/CWebApplication.php(141): CWebApplication->runController('')
#15 /opt/lampp/htdocs/rpzrpzrpz-1/localhost/framework/base/CApplication.php(184): CWebApplication->processRequest()
#16 /opt/lampp/htdocs/rpzrpzrpz-1/localhost/index.php(17): CApplication->run()
#17 {main}
REQUEST_URI=/rpzrpzrpz-1/localhost/
---
